表单 d:\desktop\gckant\login.scx 包含下列错误:
    文件 TCT.ICO - 未定义

表单 d:\desktop\gckant\3agz\3agz.scx 包含下列错误:
    文件 TCT.ICO - 未定义

表单 d:\desktop\gckant\tools\tools.scx 包含下列错误:
    文件 TCT.ICO - 未定义

表单 d:\desktop\gckant\login_sub.scx 包含下列错误:
    文件 TCT.ICO - 未定义

表单 d:\desktop\gckant\3aft\3aft.scx 包含下列错误:
    文件 TCT.ICO - 未定义
    文件 HAND.ICO - 未定义

表单 d:\desktop\gckant\3aft\3aft24.scx 包含下列错误:
    文件 TCT.ICO - 未定义

表单 d:\desktop\gckant\3akq\3akq.scx 包含下列错误:
    文件 TCT.ICO - 未定义

表单 d:\desktop\gckant\3akq\3akq43.scx 包含下列错误:
    文件 COPY4WAY.CUR - 未定义

表单 d:\desktop\gckant\3ars\3ars.scx 包含下列错误:
    文件 TCT.ICO - 未定义

表单 d:\desktop\gckant\3ars\3ars311.scx 包含下列错误:
    文件 TCT.ICO - 未定义

表单 d:\desktop\gckant\3ars\3ars211.scx 包含下列错误:
    文件 TCT.ICO - 未定义

可视类库 d:\desktop\gckant\class\cmd.vcx 包含下列错误:
    文件 HAND.ICO - 未定义
    文件 ANIMAL.ICO - 未定义

可视类库 d:\desktop\gckant\class\cmd_sub.vcx 包含下列错误:
    文件 HAND.ICO - 未定义

表单 d:\desktop\gckant\3akq\3akqbc.scx 包含下列错误:
    文件 TCT.ICO - 未定义

表单 d:\desktop\gckant\3akq\3akqdj.scx 包含下列错误:
    文件 TCT.ICO - 未定义

表单 d:\desktop\gckant\3akq\3akqskjl.scx 包含下列错误:
    文件 TCT.ICO - 未定义

表单 d:\desktop\gckant\3akq\3akqzg.scx 包含下列错误:
    文件 TCT.ICO - 未定义

表单 d:\desktop\gckant\3ars\3ars215.scx 包含下列错误:
    文件 TCT.ICO - 未定义

