表单 e:\天帆\捷安特人事考勤系统\项目源码\ant_refox\login.scx 包含下列错误:
    文件 TCT.ICO - 未定义

表单 e:\天帆\捷安特人事考勤系统\项目源码\ant_refox\3agz\3agz.scx 包含下列错误:
    文件 TCT.ICO - 未定义

表单 e:\天帆\捷安特人事考勤系统\项目源码\ant_refox\tools\tools.scx 包含下列错误:
    文件 TCT.ICO - 未定义

表单 e:\天帆\捷安特人事考勤系统\项目源码\ant_refox\login_sub.scx 包含下列错误:
    文件 TCT.ICO - 未定义

表单 e:\天帆\捷安特人事考勤系统\项目源码\ant_refox\3aft\3aft.scx 包含下列错误:
    文件 TCT.ICO - 未定义
    文件 HAND.ICO - 未定义

表单 e:\天帆\捷安特人事考勤系统\项目源码\ant_refox\3aft\3aft24.scx 包含下列错误:
    文件 TCT.ICO - 未定义

表单 e:\天帆\捷安特人事考勤系统\项目源码\ant_refox\3akq\3akq.scx 包含下列错误:
    文件 TCT.ICO - 未定义

表单 e:\天帆\捷安特人事考勤系统\项目源码\ant_refox\3akq\3akq43.scx 包含下列错误:
    文件 COPY4WAY.CUR - 未定义

表单 e:\天帆\捷安特人事考勤系统\项目源码\ant_refox\3ars\3ars.scx 包含下列错误:
    文件 TCT.ICO - 未定义

表单 e:\天帆\捷安特人事考勤系统\项目源码\ant_refox\3ars\3ars311.scx 包含下列错误:
    文件 TCT.ICO - 未定义

表单 e:\天帆\捷安特人事考勤系统\项目源码\ant_refox\3ars\3ars211.scx 包含下列错误:
    文件 TCT.ICO - 未定义

可视类库 e:\天帆\捷安特人事考勤系统\项目源码\ant_refox\class\cmd.vcx 包含下列错误:
    文件 HAND.ICO - 未定义
    文件 ANIMAL.ICO - 未定义

可视类库 e:\天帆\捷安特人事考勤系统\项目源码\ant_refox\class\cmd_sub.vcx 包含下列错误:
    文件 HAND.ICO - 未定义

表单 e:\天帆\捷安特人事考勤系统\项目源码\ant_refox\3akq\3akqbc.scx 包含下列错误:
    文件 TCT.ICO - 未定义

表单 e:\天帆\捷安特人事考勤系统\项目源码\ant_refox\3akq\3akqdj.scx 包含下列错误:
    文件 TCT.ICO - 未定义

表单 e:\天帆\捷安特人事考勤系统\项目源码\ant_refox\3akq\3akqskjl.scx 包含下列错误:
    文件 TCT.ICO - 未定义

表单 e:\天帆\捷安特人事考勤系统\项目源码\ant_refox\3akq\3akqzg.scx 包含下列错误:
    文件 TCT.ICO - 未定义

表单 e:\天帆\捷安特人事考勤系统\项目源码\ant_refox\3ars\3ars215.scx 包含下列错误:
    文件 TCT.ICO - 未定义

